Determining if the pthread_create exist failed with the following output:
Change Dir: /home/suirui/projects/src/ceres_bin/build/CMakeFiles/CMakeTmp

Run Build Command:"/usr/bin/make" "cmTC_d5ec7/fast"
/usr/bin/make -f CMakeFiles/cmTC_d5ec7.dir/build.make CMakeFiles/cmTC_d5ec7.dir/build
make[1]: Entering directory '/home/suirui/projects/src/ceres_bin/build/CMakeFiles/CMakeTmp'
Building C object CMakeFiles/cmTC_d5ec7.dir/CheckSymbolExists.c.o
/usr/bin/cc     -o CMakeFiles/cmTC_d5ec7.dir/CheckSymbolExists.c.o   -c /home/suirui/projects/src/ceres_bin/build/CMakeFiles/CMakeTmp/CheckSymbolExists.c
Linking C executable cmTC_d5ec7
/usr/bin/cmake -E cmake_link_script CMakeFiles/cmTC_d5ec7.dir/link.txt --verbose=1
/usr/bin/cc       CMakeFiles/cmTC_d5ec7.dir/CheckSymbolExists.c.o  -o cmTC_d5ec7 -rdynamic 
CMakeFiles/cmTC_d5ec7.dir/CheckSymbolExists.c.o：在函数‘main’中：
CheckSymbolExists.c:(.text+0x16)：对‘pthread_create’未定义的引用
collect2: error: ld returned 1 exit status
CMakeFiles/cmTC_d5ec7.dir/build.make:97: recipe for target 'cmTC_d5ec7' failed
make[1]: *** [cmTC_d5ec7] Error 1
make[1]: Leaving directory '/home/suirui/projects/src/ceres_bin/build/CMakeFiles/CMakeTmp'
Makefile:126: recipe for target 'cmTC_d5ec7/fast' failed
make: *** [cmTC_d5ec7/fast] Error 2

File /home/suirui/projects/src/ceres_bin/build/CMakeFiles/CMakeTmp/CheckSymbolExists.c:
/* */
#include <pthread.h>

int main(int argc, char** argv)
{
  (void)argv;
#ifndef pthread_create
  return ((int*)(&pthread_create))[argc];
#else
  (void)argc;
  return 0;
#endif
}

Determining if the function pthread_create exists in the pthreads failed with the following output:
Change Dir: /home/suirui/projects/src/ceres_bin/build/CMakeFiles/CMakeTmp

Run Build Command:"/usr/bin/make" "cmTC_8a63a/fast"
/usr/bin/make -f CMakeFiles/cmTC_8a63a.dir/build.make CMakeFiles/cmTC_8a63a.dir/build
make[1]: Entering directory '/home/suirui/projects/src/ceres_bin/build/CMakeFiles/CMakeTmp'
Building C object CMakeFiles/cmTC_8a63a.dir/CheckFunctionExists.c.o
/usr/bin/cc    -DCHECK_FUNCTION_EXISTS=pthread_create   -o CMakeFiles/cmTC_8a63a.dir/CheckFunctionExists.c.o   -c /usr/share/cmake-3.5/Modules/CheckFunctionExists.c
Linking C executable cmTC_8a63a
/usr/bin/cmake -E cmake_link_script CMakeFiles/cmTC_8a63a.dir/link.txt --verbose=1
/usr/bin/cc   -DCHECK_FUNCTION_EXISTS=pthread_create    CMakeFiles/cmTC_8a63a.dir/CheckFunctionExists.c.o  -o cmTC_8a63a -rdynamic -lpthreads 
/usr/bin/ld: 找不到 -lpthreads
collect2: error: ld returned 1 exit status
CMakeFiles/cmTC_8a63a.dir/build.make:97: recipe for target 'cmTC_8a63a' failed
make[1]: *** [cmTC_8a63a] Error 1
make[1]: Leaving directory '/home/suirui/projects/src/ceres_bin/build/CMakeFiles/CMakeTmp'
Makefile:126: recipe for target 'cmTC_8a63a/fast' failed
make: *** [cmTC_8a63a/fast] Error 2


Performing C++ SOURCE FILE Test GFLAGS_IN_GOOGLE_NAMESPACE failed with the following output:
Change Dir: /home/suirui/projects/src/ceres_bin/build/CMakeFiles/CMakeTmp

Run Build Command:"/usr/bin/make" "cmTC_c5e5b/fast"
/usr/bin/make -f CMakeFiles/cmTC_c5e5b.dir/build.make CMakeFiles/cmTC_c5e5b.dir/build
make[1]: Entering directory '/home/suirui/projects/src/ceres_bin/build/CMakeFiles/CMakeTmp'
Building CXX object CMakeFiles/cmTC_c5e5b.dir/src.cxx.o
/usr/bin/c++     -std=c++11 -03 -DGFLAGS_IN_GOOGLE_NAMESPACE   -o CMakeFiles/cmTC_c5e5b.dir/src.cxx.o -c /home/suirui/projects/src/ceres_bin/build/CMakeFiles/CMakeTmp/src.cxx
c++: error: unrecognized command line option ‘-03’
CMakeFiles/cmTC_c5e5b.dir/build.make:65: recipe for target 'CMakeFiles/cmTC_c5e5b.dir/src.cxx.o' failed
make[1]: *** [CMakeFiles/cmTC_c5e5b.dir/src.cxx.o] Error 1
make[1]: Leaving directory '/home/suirui/projects/src/ceres_bin/build/CMakeFiles/CMakeTmp'
Makefile:126: recipe for target 'cmTC_c5e5b/fast' failed
make: *** [cmTC_c5e5b/fast] Error 2

Source file was:
#include <gflags/gflags.h>
     int main(int argc, char * argv[]) {
       google::ParseCommandLineFlags(&argc, &argv, true);
       return 0;
     }
Performing C++ SOURCE FILE Test GFLAGS_IN_GFLAGS_NAMESPACE failed with the following output:
Change Dir: /home/suirui/projects/src/ceres_bin/build/CMakeFiles/CMakeTmp

Run Build Command:"/usr/bin/make" "cmTC_21647/fast"
/usr/bin/make -f CMakeFiles/cmTC_21647.dir/build.make CMakeFiles/cmTC_21647.dir/build
make[1]: Entering directory '/home/suirui/projects/src/ceres_bin/build/CMakeFiles/CMakeTmp'
Building CXX object CMakeFiles/cmTC_21647.dir/src.cxx.o
/usr/bin/c++     -std=c++11 -03 -DGFLAGS_IN_GFLAGS_NAMESPACE   -o CMakeFiles/cmTC_21647.dir/src.cxx.o -c /home/suirui/projects/src/ceres_bin/build/CMakeFiles/CMakeTmp/src.cxx
c++: error: unrecognized command line option ‘-03’
CMakeFiles/cmTC_21647.dir/build.make:65: recipe for target 'CMakeFiles/cmTC_21647.dir/src.cxx.o' failed
make[1]: *** [CMakeFiles/cmTC_21647.dir/src.cxx.o] Error 1
make[1]: Leaving directory '/home/suirui/projects/src/ceres_bin/build/CMakeFiles/CMakeTmp'
Makefile:126: recipe for target 'cmTC_21647/fast' failed
make: *** [cmTC_21647/fast] Error 2

Source file was:
#include <gflags/gflags.h>
     int main(int argc, char * argv[]) {
        gflags::ParseCommandLineFlags(&argc, &argv, true);
        return 0;
     }
